\BOOKMARK [1][-]{section.1}{\376\377\000I\000n\000t\000r\000o\000d\000u\000c\000t\000i\000o\000n}{}% 1
\BOOKMARK [1][-]{section.2}{\376\377\000R\000e\000l\000a\000t\000e\000d\000\040\000W\000o\000r\000k}{}% 2
\BOOKMARK [1][-]{section.3}{\376\377\000P\000r\000o\000t\000o\000c\000o\000l\000\040\000a\000n\000d\000\040\000E\000x\000p\000e\000r\000i\000m\000e\000n\000t\000a\000l\000\040\000S\000e\000t\000u\000p}{}% 3
\BOOKMARK [1][-]{section.4}{\376\377\000T\000r\000a\000n\000s\000i\000t\000i\000v\000i\000t\000y\000\040\000E\000m\000e\000r\000g\000e\000s\000\040\000f\000r\000o\000m\000\040\000T\000e\000x\000t\000\040\000A\000n\000c\000h\000o\000r\000i\000n\000g}{}% 4
\BOOKMARK [1][-]{section.5}{\376\377\000W\000h\000a\000t\000\040\000D\000e\000t\000e\000r\000m\000i\000n\000e\000s\000\040\000T\000r\000a\000n\000s\000i\000t\000i\000v\000i\000t\000y\000\040\000Q\000u\000a\000l\000i\000t\000y\000?}{}% 5
\BOOKMARK [2][-]{subsection.5.1}{\376\377\000P\000r\000o\000j\000e\000c\000t\000i\000o\000n\000\040\000T\000y\000p\000e}{section.5}% 6
\BOOKMARK [2][-]{subsection.5.2}{\376\377\000P\000h\000a\000s\000e\000\040\000B\000\040\000D\000a\000t\000a\000\040\000Q\000u\000a\000l\000i\000t\000y}{section.5}% 7
\BOOKMARK [1][-]{section.6}{\376\377\000T\000h\000e\000\040\000B\000o\000t\000t\000l\000e\000n\000e\000c\000k\000\040\000T\000h\000e\000o\000r\000y}{}% 8
\BOOKMARK [2][-]{subsection.6.1}{\376\377\000M\000o\000t\000i\000v\000a\000t\000i\000n\000g\000\040\000F\000r\000a\000m\000e\000w\000o\000r\000k\000s\000\040\000a\000n\000d\000\040\000E\000m\000p\000i\000r\000i\000c\000a\000l\000\040\000F\000i\000t}{section.6}% 9
\BOOKMARK [1][-]{section.7}{\376\377\000D\000i\000s\000c\000u\000s\000s\000i\000o\000n}{}% 10
\BOOKMARK [1][-]{section.8}{\376\377\000L\000i\000m\000i\000t\000a\000t\000i\000o\000n\000s}{}% 11
\BOOKMARK [1][-]{appendix.A}{\376\377\000C\000a\000t\000e\000g\000o\000r\000y\000-\000L\000e\000v\000e\000l\000\040\000S\000e\000m\000a\000n\000t\000i\000c\000\040\000P\000r\000e\000c\000i\000s\000i\000o\000n}{}% 12
\BOOKMARK [1][-]{appendix.B}{\376\377\000M\000e\000t\000a\000d\000a\000t\000a\000-\000G\000r\000o\000u\000n\000d\000e\000d\000\040\000C\000a\000t\000e\000g\000o\000r\000y\000\040\000R\000o\000b\000u\000s\000t\000n\000e\000s\000s}{}% 13
\BOOKMARK [1][-]{appendix.C}{\376\377\000D\000i\000m\000e\000n\000s\000i\000o\000n\000\040\000S\000c\000a\000l\000i\000n\000g}{}% 14
\BOOKMARK [1][-]{appendix.D}{\376\377\000C\000a\000u\000s\000a\000l\000\040\000C\000o\000n\000t\000r\000o\000l\000s\000\040\000a\000n\000d\000\040\000E\000m\000e\000r\000g\000e\000n\000c\000e\000\040\000D\000i\000a\000g\000n\000o\000s\000t\000i\000c\000s}{}% 15
\BOOKMARK [1][-]{appendix.E}{\376\377\000P\000r\000o\000j\000e\000c\000t\000i\000o\000n\000\040\000S\000h\000a\000r\000i\000n\000g\000\040\000a\000n\000d\000\040\000P\000h\000a\000s\000e\000-\000O\000r\000d\000e\000r\000\040\000A\000b\000l\000a\000t\000i\000o\000n\000s}{}% 16
\BOOKMARK [2][-]{subsection.E.1}{\376\377\000P\000h\000a\000s\000e\000\040\000A\000\040\000D\000o\000m\000a\000i\000n\000\040\000a\000n\000d\000\040\000P\000h\000a\000s\000e\000\040\000O\000r\000d\000e\000r}{appendix.E}% 17
\BOOKMARK [1][-]{appendix.F}{\376\377\000S\000t\000a\000n\000d\000a\000r\000d\000\040\000R\000a\000n\000k\000\040\000M\000e\000t\000r\000i\000c\000s\000\040\000\050\000R\000@\000k\000\051}{}% 18
\BOOKMARK [1][-]{appendix.G}{\376\377\000C\000e\000n\000t\000r\000o\000i\000d\000\040\000G\000a\000p\000\040\000D\000e\000t\000a\000i\000l\000s}{}% 19
\BOOKMARK [1][-]{appendix.H}{\376\377\000P\000h\000a\000s\000e\000\040\000B\000\040\000D\000a\000t\000a\000\040\000Q\000u\000a\000l\000i\000t\000y\000\040\000M\000e\000c\000h\000a\000n\000i\000s\000m}{}% 20
\BOOKMARK [1][-]{appendix.I}{\376\377\000M\000a\000r\000g\000i\000n\000-\000P\000e\000r\000f\000o\000r\000m\000a\000n\000c\000e\000\040\000R\000e\000g\000r\000e\000s\000s\000i\000o\000n\000\040\000A\000c\000r\000o\000s\000s\000\040\000P\000h\000a\000s\000e\000-\000B\000\040\000C\000o\000n\000d\000i\000t\000i\000o\000n\000s}{}% 21
\BOOKMARK [1][-]{appendix.J}{\376\377\000P\000h\000a\000s\000e\000\040\000A\000\040\000S\000o\000u\000r\000c\000e\000\040\000a\000n\000d\000\040\000S\000c\000a\000l\000e}{}% 22
\BOOKMARK [1][-]{appendix.K}{\376\377\000W\000a\000v\000C\000a\000p\000s\000\040\000H\000o\000l\000d\000o\000u\000t\000\040\000R\000e\000t\000r\000a\000i\000n}{}% 23
\BOOKMARK [1][-]{appendix.L}{\376\377\000S\000e\000c\000o\000n\000d\000\040\000T\000r\000i\000p\000l\000e\000\040\000G\000r\000i\000d\000\040\000\050\000A\000V\000C\000a\000p\000s\000\051}{}% 24
\BOOKMARK [1][-]{appendix.M}{\376\377\000T\000h\000i\000r\000d\000\040\000T\000r\000i\000p\000l\000e\000\040\000G\000r\000i\000d\000\040\000\050\000S\000p\000e\000e\000c\000h\000C\000o\000c\000o\000,\000\040\000P\000r\000e\000-\000R\000e\000g\000i\000s\000t\000e\000r\000e\000d\000\051}{}% 25
\BOOKMARK [1][-]{appendix.N}{\376\377\000J\000o\000i\000n\000t\000\040\000M\000e\000t\000h\000o\000d\000\040\000a\000l\000p\000h\000a\000\040\000a\000n\000d\000\040\000G\000a\000p\000\040\000D\000e\000c\000o\000m\000p\000o\000s\000i\000t\000i\000o\000n}{}% 26
\BOOKMARK [1][-]{appendix.O}{\376\377\000B\000o\000t\000t\000l\000e\000n\000e\000c\000k\000\040\000T\000h\000e\000o\000r\000y\000\040\000D\000e\000t\000a\000i\000l\000s}{}% 27
\BOOKMARK [1][-]{appendix.P}{\376\377\0001\000K\000\040\000S\000p\000l\000i\000t\000\040\000E\000v\000a\000l\000u\000a\000t\000i\000o\000n\000\040\000R\000o\000b\000u\000s\000t\000n\000e\000s\000s}{}% 28
\BOOKMARK [1][-]{appendix.Q}{\376\377\000P\000r\000a\000c\000t\000i\000c\000a\000l\000\040\000D\000e\000p\000l\000o\000y\000m\000e\000n\000t\000\040\000G\000u\000i\000d\000a\000n\000c\000e}{}% 29
